[05-Nov-2025 10:31:27 UTC] PHP Fatal error:  Uncaught Error: Undefined constant "Y" in /opt/code/aufgabe_5.php:4
Stack trace:
#0 {main}
  thrown in /opt/code/aufgabe_5.php on line 4
[05-Nov-2025 11:57:48 UTC] PHP Parse error:  syntax error, unexpected variable "$alter", expecting "(" in /opt/code/2_block/aufgabe_1.php on line 4
[07-Nov-2025 08:15:15 UTC] PHP Fatal error:  Uncaught DivisionByZeroError: Division by zero in /opt/code/projekt:12
Stack trace:
#0 /opt/code/projekt(28): rechnen('1', '0', '/')
#1 {main}
  thrown in /opt/code/projekt on line 12
[07-Nov-2025 08:18:39 UTC] PHP Warning:  Undefined variable $operation in /opt/code/projekt on line 5
[07-Nov-2025 08:18:39 UTC] PHP Warning:  Undefined variable $operation in /opt/code/projekt on line 7
[07-Nov-2025 08:18:39 UTC] PHP Warning:  Undefined variable $operation in /opt/code/projekt on line 9
[07-Nov-2025 08:18:39 UTC] PHP Warning:  Undefined variable $operation in /opt/code/projekt on line 11
[07-Nov-2025 08:19:10 UTC] PHP Warning:  Undefined variable $operator in /opt/code/projekt on line 5
[07-Nov-2025 08:19:10 UTC] PHP Warning:  Undefined variable $operator in /opt/code/projekt on line 7
[07-Nov-2025 08:19:10 UTC] PHP Warning:  Undefined variable $operator in /opt/code/projekt on line 9
[07-Nov-2025 08:19:10 UTC] PHP Warning:  Undefined variable $operator in /opt/code/projekt on line 11
[07-Nov-2025 08:22:39 UTC] PHP Fatal error:  Uncaught TypeError: Unsupported operand types: string + string in /opt/code/projekt:6
Stack trace:
#0 /opt/code/projekt(28): rechnen('n', '2', '+')
#1 {main}
  thrown in /opt/code/projekt on line 6
[07-Nov-2025 08:30:49 UTC] PHP Fatal error:  Uncaught TypeError: Unsupported operand types: string + string in /opt/code/projekt:6
Stack trace:
#0 /opt/code/projekt(28): rechnen('b', 'c', '+')
#1 {main}
  thrown in /opt/code/projekt on line 6
[07-Nov-2025 09:15:28 UTC] PHP Warning:  A non-numeric value encountered in /opt/code/projekt on line 6
[07-Nov-2025 09:15:43 UTC] PHP Warning:  A non-numeric value encountered in /opt/code/projekt on line 6
[07-Nov-2025 09:15:43 UTC] PHP Warning:  A non-numeric value encountered in /opt/code/projekt on line 6
[07-Nov-2025 09:15:55 UTC] PHP Fatal error:  Uncaught TypeError: Unsupported operand types: string + string in /opt/code/projekt:6
Stack trace:
#0 /opt/code/projekt(28): rechnen('c', 'z', '+')
#1 {main}
  thrown in /opt/code/projekt on line 6
[07-Nov-2025 09:23:41 UTC] PHP Fatal error:  Uncaught TypeError: Unsupported operand types: string + string in /opt/code/prototyp.php:6
Stack trace:
#0 /opt/code/prototyp.php(28): rechnen('b', 'c', '+')
#1 {main}
  thrown in /opt/code/prototyp.php on line 6
[07-Nov-2025 09:25:33 UTC] PHP Warning:  A non-numeric value encountered in /opt/code/prototyp.php on line 6
[07-Nov-2025 09:25:33 UTC] PHP Warning:  A non-numeric value encountered in /opt/code/prototyp.php on line 6
[07-Nov-2025 09:30:18 UTC] PHP Fatal error:  Uncaught TypeError: Unsupported operand types: string + string in /opt/code/projekt.php:6
Stack trace:
#0 /opt/code/projekt.php(28): rechnen('a', 'b', '+')
#1 {main}
  thrown in /opt/code/projekt.php on line 6
[07-Nov-2025 09:57:50 UTC] PHP Warning:  Undefined variable $ergebnis in /opt/code/prototyp.php on line 35
[07-Nov-2025 09:57:50 UTC] PHP Warning:  Undefined variable $ergebnis in /opt/code/prototyp.php on line 42
[07-Nov-2025 09:57:55 UTC] PHP Warning:  Undefined variable $ergebnis in /opt/code/prototyp.php on line 35
[07-Nov-2025 09:57:55 UTC] PHP Warning:  Undefined variable $ergebnis in /opt/code/prototyp.php on line 42
[07-Nov-2025 09:58:29 UTC] PHP Warning:  Undefined variable $ergebnis in /opt/code/prototyp.php on line 35
[07-Nov-2025 09:58:29 UTC] PHP Warning:  Undefined variable $ergebnis in /opt/code/prototyp.php on line 42
[07-Nov-2025 09:58:30 UTC] PHP Warning:  Undefined variable $ergebnis in /opt/code/prototyp.php on line 35
[07-Nov-2025 09:58:30 UTC] PHP Warning:  Undefined variable $ergebnis in /opt/code/prototyp.php on line 42
[07-Nov-2025 09:58:31 UTC] PHP Warning:  Undefined variable $ergebnis in /opt/code/prototyp.php on line 35
[07-Nov-2025 09:58:31 UTC] PHP Warning:  Undefined variable $ergebnis in /opt/code/prototyp.php on line 42
[07-Nov-2025 10:00:03 UTC] PHP Fatal error:  Uncaught TypeError: Unsupported operand types: string + string in /opt/code/prototyp.php:6
Stack trace:
#0 /opt/code/prototyp.php(31): rechnen('1', '', '+')
#1 {main}
  thrown in /opt/code/prototyp.php on line 6
[07-Nov-2025 10:00:45 UTC] PHP Warning:  Undefined variable $zahl1 in /opt/code/prototyp.php on line 4
[07-Nov-2025 10:01:50 UTC] PHP Warning:  Undefined variable $ergebnis in /opt/code/prototyp.php on line 37
[07-Nov-2025 10:01:50 UTC] PHP Warning:  Undefined variable $ergebnis in /opt/code/prototyp.php on line 44
[07-Nov-2025 10:02:51 UTC] PHP Fatal error:  Uncaught Error: Call to undefined function rechnen() in /opt/code/prototyp.php:9
Stack trace:
#0 {main}
  thrown in /opt/code/prototyp.php on line 9
[07-Nov-2025 10:03:11 UTC] PHP Fatal error:  Uncaught Error: Call to undefined function rechnen() in /opt/code/prototyp.php:9
Stack trace:
#0 {main}
  thrown in /opt/code/prototyp.php on line 9
[07-Nov-2025 10:03:53 UTC] PHP Fatal error:  Uncaught Error: Call to undefined function rechnen() in /opt/code/prototyp.php:9
Stack trace:
#0 {main}
  thrown in /opt/code/prototyp.php on line 9
[07-Nov-2025 10:04:15 UTC] PHP Warning:  Undefined variable $zahl1 in /opt/code/prototyp.php on line 22
[07-Nov-2025 10:04:15 UTC] PHP Warning:  Undefined variable $zahl2 in /opt/code/prototyp.php on line 22
[07-Nov-2025 10:04:15 UTC] PHP Warning:  Undefined variable $operator in /opt/code/prototyp.php on line 22
[07-Nov-2025 10:18:27 UTC] PHP Fatal error:  Uncaught TypeError: file_put_contents(): Argument #3 ($flags) must be of type int, string given in /opt/code/prototyp.php:40
Stack trace:
#0 /opt/code/prototyp.php(40): file_put_contents('dokumentation.t...', '1 + 1 = 2', 'dokumentation.t...')
#1 {main}
  thrown in /opt/code/prototyp.php on line 40
[07-Nov-2025 10:20:13 UTC] PHP Fatal error:  Uncaught TypeError: file_put_contents(): Argument #3 ($flags) must be of type int, string given in /opt/code/prototyp.php:40
Stack trace:
#0 /opt/code/prototyp.php(40): file_put_contents('dokumentation.t...', '1 + 1 = 2', 'dokumentation.t...')
#1 {main}
  thrown in /opt/code/prototyp.php on line 40
[07-Nov-2025 10:39:27 UTC] PHP Fatal error:  Uncaught DivisionByZeroError: Division by zero in /opt/code/prototyp.php:8
Stack trace:
#0 /opt/code/prototyp.php(31): rechnen('1', '0', '/')
#1 {main}
  thrown in /opt/code/prototyp.php on line 8
